2024-09-15T02:55:26.485+03:00  INFO 68779 --- [main] com.taskmanager.TaskManagerApplication   : Starting TaskManagerApplication using Java 21.0.4 with PID 68779 (/Users/yema/IdeaProjects/basic-task-manager/target/classes started by yema in /Users/yema/IdeaProjects/basic-task-manager)
2024-09-15T02:55:26.486+03:00  INFO 68779 --- [main] com.taskmanager.TaskManagerApplication   : No active profile set, falling back to 1 default profile: "default"
2024-09-15T02:55:26.849+03:00  INFO 68779 --- [main] .s.d.r.c.RepositoryConfigurationDelegate : Bootstrapping Spring Data JPA repositories in DEFAULT mode.
2024-09-15T02:55:26.874+03:00  INFO 68779 --- [main] .s.d.r.c.RepositoryConfigurationDelegate : Finished Spring Data repository scanning in 20 ms. Found 1 JPA repository interface.
2024-09-15T02:55:27.323+03:00  INFO 68779 --- [main] o.s.b.w.embedded.tomcat.TomcatWebServer  : Tomcat initialized with port 8080 (http)
2024-09-15T02:55:27.333+03:00  INFO 68779 --- [main] o.apache.catalina.core.StandardService   : Starting service [Tomcat]
2024-09-15T02:55:27.333+03:00  INFO 68779 --- [main] o.apache.catalina.core.StandardEngine    : Starting Servlet engine: [Apache Tomcat/10.1.28]
2024-09-15T02:55:27.364+03:00  INFO 68779 --- [main] o.a.c.c.C.[Tomcat].[localhost].[/]       : Initializing Spring embedded WebApplicationContext
2024-09-15T02:55:27.364+03:00  INFO 68779 --- [main] w.s.c.ServletWebServerApplicationContext : Root WebApplicationContext: initialization completed in 857 ms
2024-09-15T02:55:27.385+03:00  INFO 68779 --- [main] com.zaxxer.hikari.HikariDataSource       : HikariPool-1 - Starting...
2024-09-15T02:55:27.529+03:00  INFO 68779 --- [main] com.zaxxer.hikari.pool.HikariPool        : HikariPool-1 - Added connection org.postgresql.jdbc.PgConnection@1095d23a
2024-09-15T02:55:27.530+03:00  INFO 68779 --- [main] com.zaxxer.hikari.HikariDataSource       : HikariPool-1 - Start completed.
2024-09-15T02:55:27.537+03:00  INFO 68779 --- [main] com.zaxxer.hikari.HikariDataSource       : HikariPool-2 - Starting...
2024-09-15T02:55:27.641+03:00  INFO 68779 --- [main] com.zaxxer.hikari.pool.HikariPool        : HikariPool-2 - Added connection conn0: url=jdbc:h2:mem:tasks user=USER
2024-09-15T02:55:27.642+03:00  INFO 68779 --- [main] com.zaxxer.hikari.HikariDataSource       : HikariPool-2 - Start completed.
2024-09-15T02:55:27.720+03:00  INFO 68779 --- [main] org.flywaydb.core.FlywayExecutor         : Database: jdbc:postgresql://localhost:5432/tasks (PostgreSQL 16.4)
2024-09-15T02:55:27.767+03:00  INFO 68779 --- [main] o.f.core.internal.command.DbValidate     : Successfully validated 1 migration (execution time 00:00.024s)
2024-09-15T02:55:27.790+03:00  INFO 68779 --- [main] o.f.core.internal.command.DbMigrate      : Current version of schema "public": 1.1
2024-09-15T02:55:27.793+03:00  INFO 68779 --- [main] o.f.core.internal.command.DbMigrate      : Schema "public" is up to date. No migration necessary.
2024-09-15T02:55:27.801+03:00  INFO 68779 --- [main] o.s.b.a.h2.H2ConsoleAutoConfiguration    : H2 console available at '/h2-console'. Databases available at 'jdbc:postgresql://localhost:5432/tasks', 'jdbc:h2:mem:tasks', 'jdbc:postgresql://localhost:5432/tasks'
2024-09-15T02:55:27.860+03:00  INFO 68779 --- [main] o.hibernate.jpa.internal.util.LogHelper  : HHH000204: Processing PersistenceUnitInfo [name: default]
2024-09-15T02:55:27.892+03:00  INFO 68779 --- [main] org.hibernate.Version                    : HHH000412: Hibernate ORM core version 6.5.2.Final
2024-09-15T02:55:27.911+03:00  INFO 68779 --- [main] o.h.c.internal.RegionFactoryInitiator    : HHH000026: Second-level cache disabled
2024-09-15T02:55:28.105+03:00  INFO 68779 --- [main] o.s.o.j.p.SpringPersistenceUnitInfo      : No LoadTimeWeaver setup: ignoring JPA class transformer
2024-09-15T02:55:28.129+03:00  INFO 68779 --- [main] org.flywaydb.core.FlywayExecutor         : Database: jdbc:postgresql://localhost:5432/tasks (PostgreSQL 16.4)
2024-09-15T02:55:28.145+03:00  INFO 68779 --- [main] o.f.core.internal.command.DbValidate     : Successfully validated 1 migration (execution time 00:00.005s)
2024-09-15T02:55:28.155+03:00  INFO 68779 --- [main] o.f.core.internal.command.DbMigrate      : Current version of schema "public": 1.1
2024-09-15T02:55:28.156+03:00  INFO 68779 --- [main] o.f.core.internal.command.DbMigrate      : Schema "public" is up to date. No migration necessary.
2024-09-15T02:55:28.646+03:00  INFO 68779 --- [main] o.h.e.t.j.p.i.JtaPlatformInitiator       : HHH000489: No JTA platform available (set 'hibernate.transaction.jta.platform' to enable JTA platform integration)
2024-09-15T02:55:28.648+03:00  INFO 68779 --- [main] j.LocalContainerEntityManagerFactoryBean : Initialized JPA EntityManagerFactory for persistence unit 'default'
2024-09-15T02:55:28.904+03:00  WARN 68779 --- [main] JpaBaseConfiguration$JpaWebConfiguration : spring.jpa.open-in-view is enabled by default. Therefore, database queries may be performed during view rendering. Explicitly configure spring.jpa.open-in-view to disable this warning
2024-09-15T02:55:29.129+03:00  INFO 68779 --- [main] o.s.b.w.embedded.tomcat.TomcatWebServer  : Tomcat started on port 8080 (http) with context path '/'
2024-09-15T02:55:29.136+03:00  INFO 68779 --- [main] com.taskmanager.TaskManagerApplication   : Started TaskManagerApplication in 2.905 seconds (process running for 3.2)
2024-09-15T02:56:49.963+03:00  INFO 68779 --- [SpringApplicationShutdownHook] j.LocalContainerEntityManagerFactoryBean : Closing JPA EntityManagerFactory for persistence unit 'default'
2024-09-15T02:56:49.966+03:00  INFO 68779 --- [SpringApplicationShutdownHook] com.zaxxer.hikari.HikariDataSource       : HikariPool-2 - Shutdown initiated...
2024-09-15T02:56:49.969+03:00  INFO 68779 --- [SpringApplicationShutdownHook] com.zaxxer.hikari.HikariDataSource       : HikariPool-2 - Shutdown completed.
2024-09-15T02:56:49.970+03:00  INFO 68779 --- [SpringApplicationShutdownHook] com.zaxxer.hikari.HikariDataSource       : HikariPool-1 - Shutdown initiated...
2024-09-15T02:56:49.971+03:00  INFO 68779 --- [SpringApplicationShutdownHook] com.zaxxer.hikari.HikariDataSource       : HikariPool-1 - Shutdown completed.
